2018-05-02 23:22:28.146 INFO [restartedMain]net.xdclass.base_project.XdclassApplication.logStarting:50 -Starting XdclassApplication on chenyaowudeMacBook-Air.local with PID 7178 (/Users/jack/Desktop/person/springboot/base_project/target/classes started by jack in /Users/jack/Desktop/person/springboot/base_project)
2018-05-02 23:22:28.148 INFO [restartedMain]net.xdclass.base_project.XdclassApplication.logStartupProfileInfo:659 -No active profile set, falling back to default profiles: default
2018-05-02 23:22:28.302 INFO [restartedMain]o.s.b.w.s.c.AnnotationConfigServletWebServerApplicationContext.prepareRefresh:590 -Refreshing org.springframework.boot.web.servlet.context.AnnotationConfigServletWebServerApplicationContext@33e8bdc5: startup date [Wed May 02 23:22:28 CST 2018]; root of context hierarchy
2018-05-02 23:22:31.149 INFO [restartedMain]o.s.d.repository.config.RepositoryConfigurationDelegate.multipleStoresDetected:163 -Multiple Spring Data modules found, entering strict repository configuration mode!
2018-05-02 23:22:31.362 INFO [restartedMain]o.s.d.repository.config.RepositoryConfigurationDelegate.multipleStoresDetected:163 -Multiple Spring Data modules found, entering strict repository configuration mode!
2018-05-02 23:22:31.450 INFO [restartedMain]o.s.d.r.config.RepositoryConfigurationExtensionSupport.isStrictRepositoryCandidate:297 -Spring Data Redis - Could not safely identify store assignment for repository candidate interface net.xdclass.base_project.repository.ArticleRepository.
2018-05-02 23:22:33.731 INFO [restartedMain]o.s.boot.web.embedded.tomcat.TomcatWebServer.initialize:91 -Tomcat initialized with port(s): 8080 (http)
2018-05-02 23:22:33.801 INFO [restartedMain]org.apache.coyote.http11.Http11NioProtocol.log:180 -Initializing ProtocolHandler ["http-nio-8080"]
2018-05-02 23:22:33.833 INFO [restartedMain]org.apache.catalina.core.StandardService.log:180 -Starting service [Tomcat]
2018-05-02 23:22:33.834 INFO [restartedMain]org.apache.catalina.core.StandardEngine.log:180 -Starting Servlet Engine: Apache Tomcat/8.5.29
2018-05-02 23:22:33.877 INFO [localhost-startStop-1]org.apache.catalina.core.AprLifecycleListener.log:180 -The APR based Apache Tomcat Native library which allows optimal performance in production environments was not found on the java.library.path: [/Users/jack/Library/Java/Extensions:/Library/Java/Extensions:/Network/Library/Java/Extensions:/System/Library/Java/Extensions:/usr/lib/java:.]
2018-05-02 23:22:34.157 INFO [localhost-startStop-1]o.a.catalina.core.ContainerBase.[Tomcat].[localhost].[/].log:180 -Initializing Spring embedded WebApplicationContext
2018-05-02 23:22:34.158 INFO [localhost-startStop-1]org.springframework.web.context.ContextLoader.prepareWebApplicationContext:285 -Root WebApplicationContext: initialization completed in 5856 ms
2018-05-02 23:22:34.390 INFO [localhost-startStop-1]o.s.boot.web.servlet.ServletRegistrationBean.addRegistration:185 -Servlet dispatcherServlet mapped to [/]
2018-05-02 23:22:34.400 INFO [localhost-startStop-1]o.s.boot.web.servlet.FilterRegistrationBean.configure:244 -Mapping filter: 'characterEncodingFilter' to: [/*]
2018-05-02 23:22:34.401 INFO [localhost-startStop-1]o.s.boot.web.servlet.FilterRegistrationBean.configure:244 -Mapping filter: 'hiddenHttpMethodFilter' to: [/*]
2018-05-02 23:22:34.402 INFO [localhost-startStop-1]o.s.boot.web.servlet.FilterRegistrationBean.configure:244 -Mapping filter: 'httpPutFormContentFilter' to: [/*]
2018-05-02 23:22:34.402 INFO [localhost-startStop-1]o.s.boot.web.servlet.FilterRegistrationBean.configure:244 -Mapping filter: 'requestContextFilter' to: [/*]
2018-05-02 23:22:35.679 INFO [restartedMain]org.elasticsearch.plugins.PluginsService.logPluginInfo:176 -no modules loaded
2018-05-02 23:22:35.690 INFO [restartedMain]org.elasticsearch.plugins.PluginsService.logPluginInfo:179 -loaded plugin [org.elasticsearch.index.reindex.ReindexPlugin]
2018-05-02 23:22:35.691 INFO [restartedMain]org.elasticsearch.plugins.PluginsService.logPluginInfo:179 -loaded plugin [org.elasticsearch.join.ParentJoinPlugin]
2018-05-02 23:22:35.692 INFO [restartedMain]org.elasticsearch.plugins.PluginsService.logPluginInfo:179 -loaded plugin [org.elasticsearch.percolator.PercolatorPlugin]
2018-05-02 23:22:35.693 INFO [restartedMain]org.elasticsearch.plugins.PluginsService.logPluginInfo:179 -loaded plugin [org.elasticsearch.script.mustache.MustachePlugin]
2018-05-02 23:22:35.695 INFO [restartedMain]org.elasticsearch.plugins.PluginsService.logPluginInfo:179 -loaded plugin [org.elasticsearch.transport.Netty3Plugin]
2018-05-02 23:22:35.696 INFO [restartedMain]org.elasticsearch.plugins.PluginsService.logPluginInfo:179 -loaded plugin [org.elasticsearch.transport.Netty4Plugin]
2018-05-02 23:22:40.532 INFO [restartedMain]io.netty.util.internal.PlatformDependent.info:104 -Your platform does not provide complete low-level API for accessing direct buffers reliably. Unless explicitly requested, heap buffer will always be preferred to avoid potential system instability.
2018-05-02 23:22:40.777 INFO [restartedMain]o.s.data.elasticsearch.client.TransportClientFactoryBean.buildClient:98 -adding transport node : 127.0.0.1:9300
2018-05-02 23:22:43.000 INFO [restartedMain]o.s.web.servlet.handler.SimpleUrlHandlerMapping.registerHandler:373 -Mapped URL path [/**/favicon.ico] onto handler of type [class org.springframework.web.servlet.resource.ResourceHttpRequestHandler]
2018-05-02 23:22:43.562 INFO [restartedMain]o.s.w.s.m.method.annotation.RequestMappingHandlerAdapter.initControllerAdviceCache:574 -Looking for @ControllerAdvice: org.springframework.boot.web.servlet.context.AnnotationConfigServletWebServerApplicationContext@33e8bdc5: startup date [Wed May 02 23:22:28 CST 2018]; root of context hierarchy
2018-05-02 23:22:43.804 INFO [restartedMain]o.s.w.s.m.method.annotation.RequestMappingHandlerMapping.register:547 -Mapped "{[/api/v1/article/save],methods=[GET]}" onto public java.lang.Object net.xdclass.base_project.controller.ArticleController.save(long,java.lang.String)
2018-05-02 23:22:43.806 INFO [restartedMain]o.s.w.s.m.method.annotation.RequestMappingHandlerMapping.register:547 -Mapped "{[/api/v1/article/search],methods=[GET]}" onto public java.lang.Object net.xdclass.base_project.controller.ArticleController.search(java.lang.String)
2018-05-02 23:22:43.809 INFO [restartedMain]o.s.w.s.m.method.annotation.RequestMappingHandlerMapping.register:547 -Mapped "{[/api/v1/log],methods=[GET]}" onto public java.lang.Object net.xdclass.base_project.controller.UserController.testLog()
2018-05-02 23:22:43.815 INFO [restartedMain]o.s.w.s.m.method.annotation.RequestMappingHandlerMapping.register:547 -Mapped "{[/error]}" onto public org.springframework.http.ResponseEntity<java.util.Map<java.lang.String, java.lang.Object>> org.springframework.boot.autoconfigure.web.servlet.error.BasicErrorController.error(javax.servlet.http.HttpServletRequest)
2018-05-02 23:22:43.817 INFO [restartedMain]o.s.w.s.m.method.annotation.RequestMappingHandlerMapping.register:547 -Mapped "{[/error],produces=[text/html]}" onto public org.springframework.web.servlet.ModelAndView org.springframework.boot.autoconfigure.web.servlet.error.BasicErrorController.errorHtml(javax.servlet.http.HttpServletRequest,javax.servlet.http.HttpServletResponse)
2018-05-02 23:22:43.890 INFO [restartedMain]o.s.web.servlet.handler.SimpleUrlHandlerMapping.registerHandler:373 -Mapped URL path [/webjars/**] onto handler of type [class org.springframework.web.servlet.resource.ResourceHttpRequestHandler]
2018-05-02 23:22:43.890 INFO [restartedMain]o.s.web.servlet.handler.SimpleUrlHandlerMapping.registerHandler:373 -Mapped URL path [/**] onto handler of type [class org.springframework.web.servlet.resource.ResourceHttpRequestHandler]
2018-05-02 23:22:45.007 INFO [restartedMain]o.s.boot.devtools.autoconfigure.OptionalLiveReloadServer.startServer:57 -LiveReload server is running on port 35729
2018-05-02 23:22:45.117 INFO [restartedMain]o.s.jmx.export.annotation.AnnotationMBeanExporter.afterSingletonsInstantiated:433 -Registering beans for JMX exposure on startup
2018-05-02 23:22:45.203 INFO [restartedMain]o.s.context.support.DefaultLifecycleProcessor.start:351 -Starting beans in phase 2147483647
2018-05-02 23:22:45.830 INFO [restartedMain]org.apache.coyote.http11.Http11NioProtocol.log:180 -Starting ProtocolHandler ["http-nio-8080"]
2018-05-02 23:22:45.846 INFO [restartedMain]org.apache.tomcat.util.net.NioSelectorPool.log:180 -Using a shared selector for servlet write/read
2018-05-02 23:22:45.913 INFO [restartedMain]o.s.boot.web.embedded.tomcat.TomcatWebServer.start:206 -Tomcat started on port(s): 8080 (http) with context path ''
2018-05-02 23:22:45.920 INFO [restartedMain]net.xdclass.base_project.XdclassApplication.logStarted:59 -Started XdclassApplication in 21.027 seconds (JVM running for 23.863)
2018-05-02 23:23:42.915 INFO [Thread-12]o.s.b.w.s.c.AnnotationConfigServletWebServerApplicationContext.doClose:993 -Closing org.springframework.boot.web.servlet.context.AnnotationConfigServletWebServerApplicationContext@33e8bdc5: startup date [Wed May 02 23:22:28 CST 2018]; root of context hierarchy
2018-05-02 23:23:42.927 INFO [Thread-12]o.s.context.support.DefaultLifecycleProcessor.stop:366 -Stopping beans in phase 2147483647
2018-05-02 23:23:43.674 INFO [Thread-12]o.s.jmx.export.annotation.AnnotationMBeanExporter.destroy:451 -Unregistering JMX-exposed beans on shutdown
